<?xml version="1.0" encoding="UTF-8"?>
<!-- Generated by org.testng.reporters.JUnitXMLReporter -->
<testsuite ignored="0" hostname="DESKTOP-U6OK72A" failures="0" tests="5" name="Default test" time="1.079" errors="0" timestamp="2023-01-23T23:11:07 IST">
  <testcase classname="Module_Login1.Extent_Reporter" name="f1" time="0.036"/>
  <testcase classname="Module_Login1.Extent_Reporter" name="f2" time="0.005"/>
  <testcase classname="Module_Login1.Extent_Reporter" name="f3" time="0.005"/>
  <testcase classname="Module_Login1.Extent_Reporter" name="f4" time="0.003"/>
  <testcase classname="Module_Login1.Extent_Reporter" name="f5" time="0.004"/>
</testsuite> <!-- Default test -->
